<?xml version="1.0" encoding="utf-8"?><testsuites name="pytest tests"><testsuite name="pytest" errors="0" failures="0" skipped="0" tests="16" time="111.536" timestamp="2026-04-25T07:12:35.713067+00:00" hostname="agent-env-e6940d74-62b7-4778-bfbe-baad0e829335"><testcase classname="backend.tests.test_ajas_backend" name="test_health" time="0.169" /><testcase classname="backend.tests.test_ajas_backend" name="test_parse_resume_txt" time="0.045" /><testcase classname="backend.tests.test_ajas_backend" name="test_parse_resume_empty" time="0.043" /><testcase classname="backend.tests.test_ajas_backend" name="test_agent1_extract_profile" time="13.312" /><testcase classname="backend.tests.test_ajas_backend" name="test_agent2_job_search" time="43.431" /><testcase classname="backend.tests.test_ajas_backend" name="test_agent3_score_jobs" time="13.752" /><testcase classname="backend.tests.test_ajas_backend" name="test_agent4_customize_resume" time="25.725" /><testcase classname="backend.tests.test_ajas_backend" name="test_agent5_cover_letter" time="14.451" /><testcase classname="backend.tests.test_ajas_backend" name="test_create_application" time="0.054" /><testcase classname="backend.tests.test_ajas_backend" name="test_list_applications" time="0.047" /><testcase classname="backend.tests.test_ajas_backend" name="test_update_status" time="0.128" /><testcase classname="backend.tests.test_ajas_backend" name="test_delete_application" time="0.086" /><testcase classname="backend.tests.test_ajas_backend" name="test_downloads[txt-text/plain-Hello]" time="0.042" /><testcase classname="backend.tests.test_ajas_backend" name="test_downloads[docx-application/vnd.openxmlformats-officedocument.wordprocessingml.document-PK]" time="0.076" /><testcase classname="backend.tests.test_ajas_backend" name="test_downloads[pdf-application/pdf-%PDF]" time="0.045" /><testcase classname="backend.tests.test_ajas_backend" name="test_download_unsupported" time="0.043" /></testsuite></testsuites>